<?xml version="1.0" encoding="UTF-8"?>
<!-- Generated by org.testng.reporters.JUnitReportReporter -->
<testsuite hostname="HaSH" failures="0" tests="1" name="testNG.men.module.test.menModuleJacketTest" time="13.225" errors="0" timestamp="25 Dec 2022 05:51:10 GMT" skipped="0">
  <testcase classname="testNG.men.module.test.menModuleJacketTest" name="getMyLogin" time="13.225"/>
</testsuite> <!-- testNG.men.module.test.menModuleJacketTest -->
